# JRE version: OpenJDK Runtime Environment (8.0_242-b01) (build 1.8.0_242-release-1644-b01)
# Java VM: OpenJDK 64-Bit Server VM (25.242-b01 mixed mode windows-amd64 compressed oops)
Heap:
 PSYoungGen      total 466432K, used 342250K [0x00000000e0000000, 0x00000000ffe00000, 0x0000000100000000)
  eden space 408576K, 78% used [0x00000000e0000000,0x00000000f39c8b10,0x00000000f8f00000)
  from space 57856K, 36% used [0x00000000f8f00000,0x00000000fa371f18,0x00000000fc780000)
  to   space 55296K, 0% used [0x00000000fc800000,0x00000000fc800000,0x00000000ffe00000)
 ParOldGen       total 202240K, used 160946K [0x00000000a0000000, 0x00000000ac580000, 0x00000000e0000000)
  object space 202240K, 79% used [0x00000000a0000000,0x00000000a9d2c968,0x00000000ac580000)
 Metaspace       used 84962K, capacity 93908K, committed 94080K, reserved 1130496K
  class space    used 11465K, capacity 13118K, committed 13184K, reserved 1048576K
GC Heap History (10 events):
Event: 23.939 GC heap before
{Heap before GC invocations=12 (full 3):
 PSYoungGen      total 355840K, used 20965K [0x00000000e0000000, 0x00000000fdc80000, 0x0000000100000000)
  eden space 334848K, 0% used [0x00000000e0000000,0x00000000e0000000,0x00000000f4700000)
  from space 20992K, 99% used [0x00000000f4700000,0x00000000f5b79688,0x00000000f5b80000)
  to   space 24064K, 0% used [0x00000000fc500000,0x00000000fc500000,0x00000000fdc80000)
 ParOldGen       total 137728K, used 24303K [0x00000000a0000000, 0x00000000a8680000, 0x00000000e0000000)
  object space 137728K, 17% used [0x00000000a0000000,0x00000000a17bbe80,0x00000000a8680000)
 Metaspace       used 56393K, capacity 59016K, committed 59096K, reserved 1099776K
  class space    used 7672K, capacity 8240K, committed 8320K, reserved 1048576K
Event: 24.310 GC heap after
Heap after GC invocations=12 (full 3):
 PSYoungGen      total 355840K, used 0K [0x00000000e0000000, 0x00000000fdc80000, 0x0000000100000000)
  eden space 334848K, 0% used [0x00000000e0000000,0x00000000e0000000,0x00000000f4700000)
  from space 20992K, 0% used [0x00000000f4700000,0x00000000f4700000,0x00000000f5b80000)
  to   space 24064K, 0% used [0x00000000fc500000,0x00000000fc500000,0x00000000fdc80000)
 ParOldGen       total 202240K, used 37659K [0x00000000a0000000, 0x00000000ac580000, 0x00000000e0000000)
  object space 202240K, 18% used [0x00000000a0000000,0x00000000a24c6da0,0x00000000ac580000)
 Metaspace       used 56373K, capacity 58944K, committed 59096K, reserved 1099776K
  class space    used 7666K, capacity 8228K, committed 8320K, reserved 1048576K
}
Event: 32.463 GC heap before
{Heap before GC invocations=13 (full 3):
 PSYoungGen      total 355840K, used 334848K [0x00000000e0000000, 0x00000000fdc80000, 0x0000000100000000)
  eden space 334848K, 100% used [0x00000000e0000000,0x00000000f4700000,0x00000000f4700000)
  from space 20992K, 0% used [0x00000000f4700000,0x00000000f4700000,0x00000000f5b80000)
  to   space 24064K, 0% used [0x00000000fc500000,0x00000000fc500000,0x00000000fdc80000)
 ParOldGen       total 202240K, used 37659K [0x00000000a0000000, 0x00000000ac580000, 0x00000000e0000000)
  object space 202240K, 18% used [0x00000000a0000000,0x00000000a24c6da0,0x00000000ac580000)
 Metaspace       used 63783K, capacity 68700K, committed 68992K, reserved 1107968K
  class space    used 8776K, capacity 9788K, committed 9856K, reserved 1048576K
Event: 33.010 GC heap after
Heap after GC invocations=13 (full 3):
 PSYoungGen      total 456704K, used 24040K [0x00000000e0000000, 0x00000000ff700000, 0x0000000100000000)
  eden space 432640K, 0% used [0x00000000e0000000,0x00000000e0000000,0x00000000fa680000)
  from space 24064K, 99% used [0x00000000fc500000,0x00000000fdc7a020,0x00000000fdc80000)
  to   space 31232K, 0% used [0x00000000fa680000,0x00000000fa680000,0x00000000fc500000)
 ParOldGen       total 202240K, used 48708K [0x00000000a0000000, 0x00000000ac580000, 0x00000000e0000000)
  object space 202240K, 24% used [0x00000000a0000000,0x00000000a2f91358,0x00000000ac580000)
 Metaspace       used 63783K, capacity 68700K, committed 68992K, reserved 1107968K
  class space    used 8776K, capacity 9788K, committed 9856K, reserved 1048576K
}
Event: 43.131 GC heap before
{Heap before GC invocations=14 (full 3):
 PSYoungGen      total 456704K, used 456680K [0x00000000e0000000, 0x00000000ff700000, 0x0000000100000000)
  eden space 432640K, 100% used [0x00000000e0000000,0x00000000fa680000,0x00000000fa680000)
  from space 24064K, 99% used [0x00000000fc500000,0x00000000fdc7a020,0x00000000fdc80000)
  to   space 31232K, 0% used [0x00000000fa680000,0x00000000fa680000,0x00000000fc500000)
 ParOldGen       total 202240K, used 48708K [0x00000000a0000000, 0x00000000ac580000, 0x00000000e0000000)
  object space 202240K, 24% used [0x00000000a0000000,0x00000000a2f91358,0x00000000ac580000)
 Metaspace       used 72441K, capacity 80126K, committed 80256K, reserved 1118208K
  class space    used 10107K, capacity 11600K, committed 11648K, reserved 1048576K
Event: 43.227 GC heap after
Heap after GC invocations=14 (full 3):
 PSYoungGen      total 463872K, used 31203K [0x00000000e0000000, 0x0000000100000000, 0x0000000100000000)
  eden space 432640K, 0% used [0x00000000e0000000,0x00000000e0000000,0x00000000fa680000)
  from space 31232K, 99% used [0x00000000fa680000,0x00000000fc4f8eb0,0x00000000fc500000)
  to   space 54784K, 0% used [0x00000000fca80000,0x00000000fca80000,0x0000000100000000)
 ParOldGen       total 202240K, used 101285K [0x00000000a0000000, 0x00000000ac580000, 0x00000000e0000000)
  object space 202240K, 50% used [0x00000000a0000000,0x00000000a62e9790,0x00000000ac580000)
 Metaspace       used 72441K, capacity 80126K, committed 80256K, reserved 1118208K
  class space    used 10107K, capacity 11600K, committed 11648K, reserved 1048576K
}
Event: 82.493 GC heap before
{Heap before GC invocations=15 (full 3):
 PSYoungGen      total 463872K, used 463843K [0x00000000e0000000, 0x0000000100000000, 0x0000000100000000)
  eden space 432640K, 100% used [0x00000000e0000000,0x00000000fa680000,0x00000000fa680000)
  from space 31232K, 99% used [0x00000000fa680000,0x00000000fc4f8eb0,0x00000000fc500000)
  to   space 54784K, 0% used [0x00000000fca80000,0x00000000fca80000,0x0000000100000000)
 ParOldGen       total 202240K, used 101285K [0x00000000a0000000, 0x00000000ac580000, 0x00000000e0000000)
  object space 202240K, 50% used [0x00000000a0000000,0x00000000a62e9790,0x00000000ac580000)
 Metaspace       used 80138K, capacity 88780K, committed 89088K, reserved 1126400K
  class space    used 11108K, capacity 12722K, committed 12800K, reserved 1048576K
Event: 82.579 GC heap after
Heap after GC invocations=15 (full 3):
 PSYoungGen      total 463360K, used 39124K [0x00000000e0000000, 0x0000000100000000, 0x0000000100000000)
  eden space 408576K, 0% used [0x00000000e0000000,0x00000000e0000000,0x00000000f8f00000)
  from space 54784K, 71% used [0x00000000fca80000,0x00000000ff0b50d8,0x0000000100000000)
  to   space 57856K, 0% used [0x00000000f8f00000,0x00000000f8f00000,0x00000000fc780000)
 ParOldGen       total 202240K, used 130645K [0x00000000a0000000, 0x00000000ac580000, 0x00000000e0000000)
  object space 202240K, 64% used [0x00000000a0000000,0x00000000a7f955e0,0x00000000ac580000)
 Metaspace       used 80138K, capacity 88780K, committed 89088K, reserved 1126400K
  class space    used 11108K, capacity 12722K, committed 12800K, reserved 1048576K
}
Event: 412.271 GC heap before
{Heap before GC invocations=16 (full 3):
 PSYoungGen      total 463360K, used 447700K [0x00000000e0000000, 0x0000000100000000, 0x0000000100000000)
  eden space 408576K, 100% used [0x00000000e0000000,0x00000000f8f00000,0x00000000f8f00000)
  from space 54784K, 71% used [0x00000000fca80000,0x00000000ff0b50d8,0x0000000100000000)
  to   space 57856K, 0% used [0x00000000f8f00000,0x00000000f8f00000,0x00000000fc780000)
 ParOldGen       total 202240K, used 130645K [0x00000000a0000000, 0x00000000ac580000, 0x00000000e0000000)
  object space 202240K, 64% used [0x00000000a0000000,0x00000000a7f955e0,0x00000000ac580000)
 Metaspace       used 84344K, capacity 93252K, committed 93568K, reserved 1130496K
  class space    used 11445K, capacity 13097K, committed 13184K, reserved 1048576K
Event: 417.762 GC heap after
Heap after GC invocations=16 (full 3):
 PSYoungGen      total 466432K, used 20935K [0x00000000e0000000, 0x00000000ffe00000, 0x0000000100000000)
  eden space 408576K, 0% used [0x00000000e0000000,0x00000000e0000000,0x00000000f8f00000)
  from space 57856K, 36% used [0x00000000f8f00000,0x00000000fa371f18,0x00000000fc780000)
  to   space 55296K, 0% used [0x00000000fc800000,0x00000000fc800000,0x00000000ffe00000)
 ParOldGen       total 202240K, used 160946K [0x00000000a0000000, 0x00000000ac580000, 0x00000000e0000000)
  object space 202240K, 79% used [0x00000000a0000000,0x00000000a9d2c968,0x00000000ac580000)
 Metaspace       used 84344K, capacity 93252K, committed 93568K, reserved 1130496K
  class space    used 11445K, capacity 13097K, committed 13184K, reserved 1048576K
}

